<?xml version="1.0" encoding="UTF-8"?>
<!-- Generated by org.testng.reporters.JUnitXMLReporter -->
<testsuite hostname="Bijus-MacBook-Pro.local" ignored="0" tests="0" failures="0" timestamp="2021-02-14T15:19:03 PST" time="0.005" errors="0">
  <testcase name="@BeforeSuite before" time="-1.613344737987E9" classname="BaseTest">
    <failure type="org.testng.TestNGException" message="
Parameter &amp;apos;browser&amp;apos; is required by BeforeSuite on method before but has not been marked @Optional or defined
">
      <![CDATA[org.testng.TestNGException: 
Parameter 'browser' is required by BeforeSuite on method before but has not been marked @Optional or defined

... Removed 25 stack frames]]>
    </failure>
  </testcase> <!-- @BeforeSuite before -->
</testsuite>
